JvmtiExport can_access_local_variables 0
JvmtiExport can_hotswap_or_post_breakpoint 0
JvmtiExport can_post_on_exceptions 0
# 578 ciObject found
ciMethod java/lang/Object <init> ()V 4097 1 138905 0 0
ciMethod java/lang/Object hashCode ()I 2049 1 256 0 -1
ciMethod java/lang/Object equals (Ljava/lang/Object;)Z 1585 1 2510 0 -1
ciMethod java/lang/Object clone ()Ljava/lang/Object; 2049 1 256 0 -1
ciMethod java/lang/String <init> ([CII)V 2793 1 5914 0 704
ciMethod java/lang/String <init> ([BIILjava/lang/String;)V 3145 1 1333 0 -1
ciMethod java/lang/String <init> ([CZ)V 1969 1 10668 0 0
ciMethod java/lang/String length ()I 4097 1 89790 0 64
ciMethod java/lang/String codePointAt (I)I 577 1 2633 0 -1
ciMethod java/lang/String getChars ([CI)V 2057 1 5431 0 0
ciMethod java/lang/String equals (Ljava/lang/Object;)Z 2097 10425 3058 0 -1
ciMethod java/lang/String equalsIgnoreCase (Ljava/lang/String;)Z 2049 1 5461 0 1568
ciMethod java/lang/String regionMatches (ZILjava/lang/String;II)Z 1409 529 3262 0 0
ciMethod java/lang/String startsWith (Ljava/lang/String;I)Z 2065 617 5592 0 224
ciMethod java/lang/String endsWith (Ljava/lang/String;)Z 1465 1 8292 0 0
ciMethod java/lang/String hashCode ()I 2753 32769 1187 0 288
ciMethod java/lang/String lastIndexOf (I)I 2049 1 10120 0 0
ciMethod java/lang/String lastIndexOf (II)I 953 51097 832 0 320
ciMethod java/lang/String lastIndexOfSupplementary (II)I 0 0 1 0 -1
ciMethod java/lang/String substring (II)Ljava/lang/String; 2049 1 5411 0 960
ciMethod java/lang/String concat (Ljava/lang/String;)Ljava/lang/String; 2049 1 5431 0 864
ciMethod java/lang/String replace (CC)Ljava/lang/String; 849 41601 996 0 1120
ciMethod java/lang/String toUpperCase (Ljava/util/Locale;)Ljava/lang/String; 465 11993 549 0 0
ciMethod java/lang/String toCharArray ()[C 3089 1 8228 0 0
ciMethod java/lang/ClassLoader defineClass (Ljava/lang/String;[BIILjava/security/ProtectionDomain;)Ljava/lang/Class; 2169 1 1827 0 -1
ciMethod java/lang/ClassLoader definePackage (Ljava/lang/String;Ljava/lang/String;Ljava/lang/String;Ljava/lang/String;Ljava/lang/String;Ljava/lang/String;Ljava/lang/String;Ljava/net/URL;)Ljava/lang/Package; 361 1 247 0 0
ciMethod java/lang/ClassLoader getPackage (Ljava/lang/String;)Ljava/lang/Package; 2049 1 3118 0 0
ciMethod java/lang/System nanoTime ()J 2049 1 256 0 -1
ciMethod java/lang/System arraycopy (Ljava/lang/Object;ILjava/lang/Object;II)V 7169 1 896 0 -1
ciMethod java/lang/Throwable printStackTrace ()V 0 0 1 0 -1
ciMethod java/lang/Throwable addSuppressed (Ljava/lang/Throwable;)V 0 0 1 0 0
ciMethod java/security/SecureClassLoader defineClass (Ljava/lang/String;[BIILjava/security/CodeSource;)Ljava/lang/Class; 2169 1 1765 0 0
ciMethod java/security/SecureClassLoader defineClass (Ljava/lang/String;Ljava/nio/ByteBuffer;Ljava/security/CodeSource;)Ljava/lang/Class; 0 0 1 0 -1
ciMethod java/security/SecureClassLoader getProtectionDomain (Ljava/security/CodeSource;)Ljava/security/ProtectionDomain; 2169 1 1826 0 -1
ciMethod java/lang/ref/Reference get ()Ljava/lang/Object; 2089 1 261 0 -1
ciMethod java/lang/ref/Reference <init> (Ljava/lang/Object;)V 1657 1 2420 0 0
ciMethod java/lang/ref/Reference <init> (Ljava/lang/Object;Ljava/lang/ref/ReferenceQueue;)V 3073 1 10785 0 96
ciMethod java/lang/ref/SoftReference <init> (Ljava/lang/Object;)V 1505 1 1091 0 0
ciMethod java/lang/ref/SoftReference get ()Ljava/lang/Object; 2049 1 14721 0 96
ciMethod java/lang/ref/WeakReference <init> (Ljava/lang/Object;Ljava/lang/ref/ReferenceQueue;)V 2049 1 2812 0 0
ciMethod java/lang/Thread currentThread ()Ljava/lang/Thread; 3073 1 384 0 -1
ciMethod java/lang/Thread interrupt ()V 0 0 1 0 0
ciMethod java/lang/Thread interrupted ()Z 3193 1 1832 0 0
ciMethod java/lang/Thread isInterrupted (Z)Z 4105 1 513 0 -1
ciMethod java/lang/Thread checkAccess ()V 225 1 28 0 -1
ciMethod java/lang/Thread interrupt0 ()V 0 0 1 0 -1
ciMethod java/util/Map get (Ljava/lang/Object;)Ljava/lang/Object; 0 0 1 0 -1
ciMethod java/util/Map put (Ljava/lang/Object;Ljava/lang/Object;)Ljava/lang/Object; 0 0 1 0 -1
ciMethod java/util/Map remove (Ljava/lang/Object;)Ljava/lang/Object; 0 0 1 0 -1
ciMethod java/util/Hashtable <init> (IF)V 2049 1 548 0 0
ciMethod java/util/Hashtable <init> (I)V 1233 1 142 0 0
ciMethod java/util/Hashtable <init> ()V 2049 1 406 0 0
ciMethod java/util/Dictionary <init> ()V 2049 1 548 0 0
ciMethod java/io/ByteArrayInputStream <init> ([B)V 153 1 145 0 0
ciMethod java/io/InputStream <init> ()V 2049 1 4759 0 0
ciMethod java/io/InputStream read ([BII)I 0 0 1 0 -1
ciMethod java/io/InputStream close ()V 0 0 1 0 -1
ciMethod java/net/URLClassLoader getAndVerifyPackage (Ljava/lang/String;Ljava/util/jar/Manifest;Ljava/net/URL;)Ljava/lang/Package; 2049 1 1782 0 0
ciMethod java/net/URLClassLoader definePackageInternal (Ljava/lang/String;Ljava/util/jar/Manifest;Ljava/net/URL;)V 2049 1 1766 0 0
ciMethod java/net/URLClassLoader defineClass (Ljava/lang/String;Lsun/misc/Resource;)Ljava/lang/Class; 1129 1 1765 0 0
ciMethod java/net/URLClassLoader definePackage (Ljava/lang/String;Ljava/util/jar/Manifest;Ljava/net/URL;)Ljava/lang/Package; 361 1 246 0 0
ciMethod java/net/URLClassLoader isSealed (Ljava/lang/String;Ljava/util/jar/Manifest;)Z 1689 1 1536 0 0
ciMethod java/net/URLClassLoader access$000 (Ljava/net/URLClassLoader;)Lsun/misc/URLClassPath; 1041 1 130 0 0
ciMethod java/net/URLClassLoader access$100 (Ljava/net/URLClassLoader;Ljava/lang/String;Lsun/misc/Resource;)Ljava/lang/Class; 1129 1 1763 0 0
ciMethod java/util/jar/Manifest <init> (Ljava/io/InputStream;)V 145 1 140 0 0
ciMethod java/util/jar/Manifest getMainAttributes ()Ljava/util/jar/Attributes; 1025 1 128 0 0
ciMethod java/util/jar/Manifest getEntries ()Ljava/util/Map; 1033 1 129 0 0
ciMethod java/util/jar/Manifest getAttributes (Ljava/lang/String;)Ljava/util/jar/Attributes; 2073 1 1875 0 0
ciMethod java/util/jar/Manifest read (Ljava/io/InputStream;)V 145 1 142 0 -1
ciMethod java/util/jar/Manifest parseName ([BI)Ljava/lang/String; 337 1 41 0 -1
ciMethod java/security/CodeSource <init> (Ljava/net/URL;[Ljava/security/CodeSigner;)V 2161 1 1765 0 0
ciMethod java/nio/Buffer position ()I 1041 1 130 0 -1
ciMethod java/lang/Character isSurrogate (C)Z 1 1 4050 0 -1
ciMethod java/lang/Character charCount (I)I 761 1 3437 0 -1
ciMethod java/lang/Character toChars (I[CI)I 0 0 1 0 -1
ciMethod java/lang/Character toChars (I)[C 0 0 1 0 -1
ciMethod java/lang/Character toLowerCase (C)C 2137 1 10906 0 160
ciMethod java/lang/Character toLowerCase (I)I 4097 1 109799 0 0
ciMethod java/lang/Character toUpperCase (C)C 4097 1 10935 0 0
ciMethod java/lang/Character toUpperCase (I)I 4097 1 10937 0 0
ciMethod java/lang/Character toUpperCaseEx (I)I 2393 1 15035 0 -1
ciMethod java/lang/Character toUpperCaseCharArray (I)[C 0 0 1 0 -1
ciMethod java/lang/Float isNaN (F)Z 3097 1 2225 0 0
ciMethod java/lang/Float floatToRawIntBits (F)I 25 1 3 0 -1
ciMethod java/util/Comparator compare (Ljava/lang/Object;Ljava/lang/Object;)I 0 0 1 0 -1
ciMethod java/security/AccessController doPrivileged (Ljava/security/PrivilegedAction;)Ljava/lang/Object; 2049 1 256 0 -1
ciMethod java/util/List add (Ljava/lang/Object;)Z 0 0 1 0 -1
ciMethod java/util/AbstractList <init> ()V 2049 1 5637 0 0
ciMethod java/util/AbstractCollection <init> ()V 545 1 8451 0 0
ciMethod java/lang/ref/ReferenceQueue poll ()Ljava/lang/ref/Reference; 2057 1 6849 0 -1
ciMethod java/lang/Math max (II)I 417 1 15957 0 -1
ciMethod java/lang/Math min (II)I 3073 1 47121 0 -1
ciMethod java/lang/Math min (FF)F 2049 1 585 0 0
ciMethod java/nio/charset/Charset newEncoder ()Ljava/nio/charset/CharsetEncoder; 0 0 1 0 -1
ciMethod java/util/AbstractMap <init> ()V 633 1 3096 0 0
ciMethod java/util/ArrayList <init> (I)V 3081 1 595 0 -1
ciMethod java/util/ArrayList <init> ()V 1025 1 2935 0 0
ciMethod java/util/ArrayList get (I)Ljava/lang/Object; 2057 1 6041 0 -1
ciMethod java/util/HashMap hash (Ljava/lang/Object;)I 2105 1 19413 0 160
ciMethod java/util/HashMap tableSizeFor (I)I 2049 1 1319 0 -1
ciMethod java/util/HashMap <init> (IF)V 2049 1 1311 0 0
ciMethod java/util/HashMap <init> (I)V 577 1 589 0 0
ciMethod java/util/HashMap <init> ()V 265 1 1326 0 0
ciMethod java/util/HashMap get (Ljava/lang/Object;)Ljava/lang/Object; 2049 1 12144 0 544
ciMethod java/util/HashMap getNode (ILjava/lang/Object;)Ljava/util/HashMap$Node; 2953 33 11885 0 544
ciMethod java/util/HashMap put (Ljava/lang/Object;Ljava/lang/Object;)Ljava/lang/Object; 3369 1 5791 0 -1
ciMethod java/util/WeakHashMap maskNull (Ljava/lang/Object;)Ljava/lang/Object; 2065 1 6381 0 0
ciMethod java/util/WeakHashMap eq (Ljava/lang/Object;Ljava/lang/Object;)Z 1609 1 2258 0 0
ciMethod java/util/WeakHashMap hash (Ljava/lang/Object;)I 2065 1 6382 0 0
ciMethod java/util/WeakHashMap indexFor (II)I 3097 1 6382 0 0
ciMethod java/util/WeakHashMap expungeStaleEntries ()V 3073 1 5511 0 96
ciMethod java/util/WeakHashMap getTable ()[Ljava/util/WeakHashMap$Entry; 3073 1 6382 0 0
ciMethod java/util/WeakHashMap put (Ljava/lang/Object;Ljava/lang/Object;)Ljava/lang/Object; 2049 9 2257 0 0
ciMethod java/util/WeakHashMap resize (I)V 0 0 1 0 -1
ciMethod java/util/Arrays copyOf ([BI)[B 2057 1 11464 0 0
ciMethod java/util/Arrays copyOf ([CI)[C 2049 1 14844 0 0
ciMethod java/util/Arrays copyOfRange ([CII)[C 2825 1 5768 0 512
ciMethod sun/misc/ASCIICaseInsensitiveComparator lowerCaseHashCode (Ljava/lang/String;)I 649 10601 1109 0 -1
ciMethodData java/lang/String length ()I 2 89792 orig 264 216 160 204 107 0 0 0 0 24 60 85 20 0 0 0 0 32 1 0 0 0 0 0 0 0 0 0 0 0 0 0 0 0 0 0 0 0 0 0 0 0 0 0 0 0 0 0 0 0 0 0 0 0 0 0 0 0 0 0 0 0 0 0 0 0 0 0 0 0 0 0 0 0 0 0 0 0 0 0 0 77 68 79 32 101 120 116 114 97 32 100 97 116 97 32 108 111 99 107 0 0 0 0 0 0 0 0 0 0 0 0 0 0 0 0 0 0 0 0 0 0 0 0 0 0 0 0 0 0 0 0 0 0 0 0 0 0 0 0 0 0 0 0 0 0 0 0 0 0 0 0 0 0 0 0 0 0 0 0 0 0 0 0 0 0 0 0 0 0 0 0 0 0 0 0 0 0 0 0 0 0 0 0 0 0 0 0 0 0 0 0 0 0 0 0 0 0 0 0 0 0 0 0 0 0 0 0 0 0 0 0 0 0 0 0 0 0 2 0 0 1 230 10 0 1 0 0 0 0 0 0 0 0 0 0 0 2 0 0 0 0 0 0 0 0 0 0 0 0 0 0 0 255 255 255 255 0 0 0 0 0 0 0 0 data 0 oops 0
ciMethodData java/lang/Object <init> ()V 2 138905 orig 264 216 160 204 107 0 0 0 0 128 4 85 20 0 0 0 0 32 1 0 0 0 0 0 0 0 0 0 0 0 0 0 0 0 0 0 0 0 0 0 0 0 0 0 0 0 0 0 0 0 0 0 0 0 0 0 0 0 0 0 0 0 0 0 0 0 0 0 0 0 0 0 0 0 0 0 0 0 0 0 0 77 68 79 32 101 120 116 114 97 32 100 97 116 97 32 108 111 99 107 0 0 0 0 0 0 0 0 0 0 0 0 0 0 0 0 0 0 0 0 0 0 0 0 0 0 0 0 0 0 0 0 0 0 0 0 0 0 0 0 0 0 0 0 0 0 0 0 0 0 0 0 0 0 0 0 0 0 0 0 0 0 0 0 0 0 0 0 0 0 0 0 0 0 0 0 0 0 0 0 0 0 0 0 0 1 0 0 0 0 0 0 0 1 0 0 0 0 0 0 0 1 0 0 0 0 0 0 0 0 0 0 0 0 0 0 0 0 2 0 0 201 228 16 0 1 0 0 0 0 0 0 0 0 0 0 0 2 0 0 0 0 0 3 0 1 0 0 0 0 0 0 0 255 255 255 255 0 0 0 0 0 0 0 0 data 0 oops 0
ciMethod java/io/OutputStream <init> ()V 2113 1 403 0 0
ciMethod java/io/FilterInputStream <init> (Ljava/io/InputStream;)V 2049 1 2416 0 0
ciMethod sun/nio/cs/ArrayEncoder encode ([CII[B)I 0 0 1 0 -1
ciMethod java/nio/charset/CharsetEncoder onMalformedInput (Ljava/nio/charset/CodingErrorAction;)Ljava/nio/charset/CharsetEncoder; 265 1 359 0 0
ciMethod java/nio/charset/CharsetEncoder implOnMalformedInput (Ljava/nio/charset/CodingErrorAction;)V 265 1 359 0 -1
ciMethod java/nio/charset/CharsetEncoder onUnmappableCharacter (Ljava/nio/charset/CodingErrorAction;)Ljava/nio/charset/CharsetEncoder; 265 1 359 0 0
ciMethod java/nio/charset/CharsetEncoder implOnUnmappableCharacter (Ljava/nio/charset/CodingErrorAction;)V 265 1 359 0 -1
ciMethod java/nio/charset/CharsetEncoder maxBytesPerChar ()F 2073 1 6965 0 0
ciMethod java/nio/charset/CharsetEncoder encode (Ljava/nio/CharBuffer;Ljava/nio/ByteBuffer;Z)Ljava/nio/charset/CoderResult; 1 1 2334 0 -1
ciMethod java/nio/charset/CharsetEncoder flush (Ljava/nio/ByteBuffer;)Ljava/nio/charset/CoderResult; 0 0 3 0 -1
ciMethod java/nio/charset/CharsetEncoder reset ()Ljava/nio/charset/CharsetEncoder; 2049 1 6411 0 0
ciMethod java/nio/charset/CharsetEncoder implReset ()V 2049 1 6411 0 0
ciMethod java/nio/ByteBuffer wrap ([B)Ljava/nio/ByteBuffer; 33 1 16 0 -1
ciMethod java/nio/CharBuffer wrap ([C)Ljava/nio/CharBuffer; 0 0 1 0 -1
ciMethod java/nio/charset/CoderResult isUnderflow ()Z 545 1 4867 0 -1
ciMethod java/lang/IllegalArgumentException <init> (Ljava/lang/String;)V 0 0 8 0 -1
ciMethod sun/security/util/Debug println (Ljava/lang/String;)V 0 0 1 0 -1
ciMethod java/util/WeakHashMap$Entry <init> (Ljava/lang/Object;Ljava/lang/Object;Ljava/lang/ref/ReferenceQueue;ILjava/util/WeakHashMap$Entry;)V 2057 1 2258 0 0
ciMethod sun/misc/MetaIndex mayContain (Ljava/lang/String;)Z 1921 8481 3422 0 -1
ciMethod java/util/Locale getLanguage ()Ljava/lang/String; 361 1 1177 0 -1
ciMethod java/lang/CharacterData toLowerCase (I)I 0 0 1 0 -1
ciMethod java/lang/CharacterData toUpperCase (I)I 0 0 1 0 -1
ciMethod java/lang/CharacterData of (I)Ljava/lang/CharacterData; 4097 1 5803 0 96
ciMethod java/lang/CharacterDataLatin1 getProperties (I)I 4097 1 21972 0 -1
ciMethod java/lang/CharacterDataLatin1 toLowerCase (I)I 4097 1 6324 0 160
ciMethod java/lang/CharacterDataLatin1 toUpperCase (I)I 3841 1 5618 0 160
ciMethodData java/lang/Character toLowerCase (I)I 2 109799 orig 264 216 160 204 107 0 0 0 0 128 152 94 20 0 0 0 0 136 1 0 0 0 0 0 0 0 0 0 0 0 0 0 0 0 0 0 0 0 0 0 0 0 0 0 0 0 0 0 0 0 0 0 0 0 0 0 0 0 0 0 0 0 0 0 0 0 0 0 0 0 0 0 0 0 0 0 0 0 0 0 0 77 68 79 32 101 120 116 114 97 32 100 97 116 97 32 108 111 99 107 0 0 0 0 0 0 0 0 0 0 0 0 0 0 0 0 0 0 0 0 0 0 0 0 0 0 0 0 0 0 0 0 0 0 0 0 0 0 0 0 0 0 0 0 0 0 0 0 0 0 0 0 0 0 0 0 0 0 0 0 0 0 0 0 0 0 0 0 0 0 0 0 0 0 0 0 0 0 0 0 0 0 0 0 0 0 0 0 0 0 0 0 0 0 0 0 0 0 0 0 0 0 0 0 0 0 0 0 0 0 0 0 0 0 0 0 0 0 2 0 0 57 87 13 0 1 0 0 0 0 0 0 0 0 0 0 0 2 0 0 0 0 0 3 0 2 0 0 0 64 0 0 0 255 255 255 255 2 0 1 0 0 0 0 0 data 8 0x10002 0x1aae7 0x50005 0x0 0x165e04d0 0x1aae7 0x0 0x0 oops 1 4 java/lang/CharacterDataLatin1
ciMethod java/util/HashMap$TreeNode getTreeNode (ILjava/lang/Object;)Ljava/util/HashMap$TreeNode; 0 0 1 0 -1
ciMethodData java/lang/String hashCode ()I 2 20615 orig 264 216 160 204 107 0 0 0 0 176 79 85 20 0 0 0 0 152 1 0 0 32 0 0 0 0 0 0 0 0 0 0 0 0 0 0 0 0 0 0 0 0 0 0 0 0 0 0 0 0 0 0 0 0 0 0 0 0 0 0 0 0 0 0 0 0 0 0 0 0 0 0 0 0 0 0 0 0 0 0 0 77 68 79 32 101 120 116 114 97 32 100 97 116 97 32 108 111 99 107 0 0 0 0 0 0 0 0 0 0 0 0 0 0 0 0 0 0 0 0 0 0 0 0 0 0 0 0 0 0 0 0 0 0 0 0 0 0 0 0 0 0 0 0 0 0 0 0 0 0 0 0 0 0 0 0 0 0 0 0 0 0 0 0 0 0 0 0 0 0 0 0 0 0 0 0 0 0 0 0 0 0 0 0 0 0 0 0 0 0 0 0 0 0 0 0 0 0 0 0 0 0 0 0 0 0 0 0 0 0 0 0 0 0 0 0 0 0 16 0 0 89 26 0 0 57 4 2 0 0 0 0 0 0 0 0 0 2 0 0 0 1 0 11 0 2 0 0 0 120 0 0 0 255 255 255 255 7 0 6 0 0 0 0 0 data 15 0x60007 0xe6 0x78 0x265 0xe0007 0xa 0x58 0x25b 0x1e0007 0x25b 0x38 0x4067 0x2d0003 0x4067 0xffffffffffffffe0 oops 0
ciMethod java/util/HashSet <init> ()V 17 1 472 0 -1
ciMethod sun/misc/URLClassPath getResource (Ljava/lang/String;Z)Lsun/misc/Resource; 2049 13681 2248 0 640
ciMethod sun/misc/URLClassPath getLookupCacheForClassLoader (Ljava/lang/ClassLoader;Ljava/lang/String;)[I 0 0 1 0 -1
ciMethod sun/misc/URLClassPath getLookupCache (Ljava/lang/String;)[I 2057 1 2307 0 0
ciMethod sun/misc/URLClassPath ensureLoaderOpened (I)Z 0 0 1 0 -1
ciMethod sun/misc/URLClassPath getNextLoader ([II)Lsun/misc/URLClassPath$Loader; 2329 1 6419 0 5824
ciMethod sun/misc/URLClassPath getLoader (I)Lsun/misc/URLClassPath$Loader; 2073 121 6362 0 -1
ciMethodData java/lang/String <init> ([CII)V 2 5914 orig 264 216 160 204 107 0 0 0 0 88 49 85 20 0 0 0 0 80 2 0 0 208 0 0 0 0 0 0 0 0 0 0 0 0 0 0 0 0 0 0 0 0 0 0 0 0 0 0 0 0 0 0 0 0 0 0 0 0 0 0 0 0 0 0 0 0 0 0 0 0 0 0 0 0 0 0 0 0 0 0 0 77 68 79 32 101 120 116 114 97 32 100 97 116 97 32 108 111 99 107 0 0 0 0 0 0 0 0 0 0 0 0 0 0 0 0 0 0 0 0 0 0 0 0 0 0 0 0 0 0 0 0 0 0 0 0 0 0 0 0 0 0 0 0 0 0 0 0 0 0 0 0 0 0 0 0 0 0 0 0 0 0 0 0 0 0 0 0 0 0 0 0 0 0 0 0 0 0 0 0 0 0 0 0 0 0 0 0 0 0 0 0 0 0 0 0 0 0 0 0 0 0 0 0 0 0 0 0 0 0 0 0 0 0 0 0 0 89 1 0 0 233 173 0 0 1 0 0 0 0 0 0 0 0 0 0 0 2 0 0 0 0 0 14 0 2 0 0 0 240 0 0 0 255 255 255 255 2 0 1 0 0 0 0 0 data 30 0x10002 0x15bd 0x50007 0x15bd 0x30 0x0 0xd0002 0x0 0x120007 0x1594 0x70 0x29 0x160007 0x29 0x30 0x0 0x1e0002 0x0 0x250007 0x0 0x20 0x29 0x370007 0x1594 0x30 0x0 0x410002 0x0 0x4b0002 0x1594 oops 0
ciMethodData java/util/Arrays copyOfRange ([CII)[C 2 5768 orig 264 216 160 204 107 0 0 0 0 48 70 102 20 0 0 0 0 120 2 0 0 240 0 0 0 0 0 0 0 0 0 0 0 0 0 0 0 0 0 0 0 0 0 0 0 0 0 0 0 0 0 0 0 0 0 0 0 0 0 0 0 0 0 0 0 0 0 0 0 0 0 0 0 0 0 0 0 0 0 0 0 77 68 79 32 101 120 116 114 97 32 100 97 116 97 32 108 111 99 107 0 0 0 0 0 0 0 0 0 0 0 0 0 0 0 0 0 0 0 0 0 0 0 0 0 0 0 0 0 0 0 0 0 0 0 0 0 0 0 0 0 0 0 0 0 0 0 0 0 0 0 0 0 0 0 0 0 0 0 0 0 0 0 0 0 0 0 0 0 0 0 0 0 0 0 0 0 0 0 0 0 0 0 0 0 0 0 0 0 0 0 0 0 0 0 0 0 0 0 0 0 0 0 0 0 0 0 0 0 0 0 0 0 0 0 0 0 97 1 0 0 57 169 0 0 1 0 0 0 0 0 0 0 0 0 0 0 2 0 0 0 0 0 9 0 2 0 0 0 32 1 0 0 255 255 255 255 7 0 5 0 0 0 0 0 data 36 0x50007 0x1527 0x100 0x0 0x100002 0x0 0x140005 0x0 0x0 0x0 0x0 0x0 0x190005 0x0 0x0 0x0 0x0 0x0 0x1d0005 0x0 0x0 0x0 0x0 0x0 0x200005 0x0 0x0 0x0 0x0 0x0 0x230002 0x0 0x360002 0x1527 0x390002 0x1527 oops 0
ciMethodData java/lang/Character toUpperCase (C)C 2 10937 orig 264 216 160 204 107 0 0 0 0 24 153 94 20 0 0 0 0 88 1 0 0 0 0 0 0 0 0 0 0 0 0 0 0 0 0 0 0 0 0 0 0 0 0 0 0 0 0 0 0 0 0 0 0 0 0 0 0 0 0 0 0 0 0 0 0 0 0 0 0 0 0 0 0 0 0 0 0 0 0 0 0 77 68 79 32 101 120 116 114 97 32 100 97 116 97 32 108 111 99 107 0 0 0 0 0 0 0 0 0 0 0 0 0 0 0 0 0 0 0 0 0 0 0 0 0 0 0 0 0 0 0 0 0 0 0 0 0 0 0 0 0 0 0 0 0 0 0 0 0 0 0 0 0 0 0 0 0 0 0 0 0 0 0 0 0 0 0 0 0 0 0 0 0 0 0 0 0 0 0 0 0 0 0 0 0 0 0 0 0 0 0 0 0 0 0 0 0 0 0 0 0 0 0 0 0 0 0 0 0 0 0 0 0 0 0 0 0 0 2 0 0 201 69 1 0 1 0 0 0 0 0 0 0 0 0 0 0 2 0 0 0 0 0 3 0 2 0 0 0 16 0 0 0 255 255 255 255 2 0 1 0 0 0 0 0 data 2 0x10002 0x28b9 oops 0
ciMethodData java/lang/Character toUpperCase (I)I 2 10937 orig 264 216 160 204 107 0 0 0 0 176 153 94 20 0 0 0 0 136 1 0 0 0 0 0 0 0 0 0 0 0 0 0 0 0 0 0 0 0 0 0 0 0 0 0 0 0 0 0 0 0 0 0 0 0 0 0 0 0 0 0 0 0 0 0 0 0 0 0 0 0 0 0 0 0 0 0 0 0 0 0 0 77 68 79 32 101 120 116 114 97 32 100 97 116 97 32 108 111 99 107 0 0 0 0 0 0 0 0 0 0 0 0 0 0 0 0 0 0 0 0 0 0 0 0 0 0 0 0 0 0 0 0 0 0 0 0 0 0 0 0 0 0 0 0 0 0 0 0 0 0 0 0 0 0 0 0 0 0 0 0 0 0 0 0 0 0 0 0 0 0 0 0 0 0 0 0 0 0 0 0 0 0 0 0 0 0 0 0 0 0 0 0 0 0 0 0 0 0 0 0 0 0 0 0 0 0 0 0 0 0 0 0 0 0 0 0 0 0 2 0 0 201 69 1 0 1 0 0 0 0 0 0 0 0 0 0 0 2 0 0 0 0 0 3 0 2 0 0 0 64 0 0 0 255 255 255 255 2 0 1 0 0 0 0 0 data 8 0x10002 0x28b9 0x50005 0x0 0x165e04d0 0x28b9 0x0 0x0 oops 1 4 java/lang/CharacterDataLatin1
ciMethod sun/nio/cs/UTF_8 newEncoder ()Ljava/nio/charset/CharsetEncoder; 2785 1 348 0 0
ciMethod sun/nio/cs/UTF_8$Encoder encode ([CII[B)I 913 41625 844 0 -1
ciMethod sun/nio/cs/UTF_8$Encoder <init> (Ljava/nio/charset/Charset;Lsun/nio/cs/UTF_8$1;)V 2929 1 350 0 -1
ciMethod java/net/URLClassLoader$1 run ()Ljava/lang/Class; 3073 1 5505 0 0
ciMethod java/net/URLClassLoader$1 run ()Ljava/lang/Object; 3073 1 5505 0 -1
ciMethod sun/misc/URLClassPath$JarLoader ensureOpen ()V 577 1 4727 2 -1
ciMethod sun/misc/URLClassPath$JarLoader checkResource (Ljava/lang/String;ZLjava/util/jar/JarEntry;)Lsun/misc/Resource; 217 1 404 0 -1
ciMethod sun/misc/URLClassPath$JarLoader getResource (Ljava/lang/String;Z)Lsun/misc/Resource; 3121 1 9350 0 5984
ciMethod sun/misc/URLClassPath$JarLoader getResource (Ljava/lang/String;ZLjava/util/Set;)Lsun/misc/Resource; 0 0 227 0 -1
ciMethod sun/misc/URLClassPath$JarLoader access$500 (Lsun/misc/URLClassPath$JarLoader;)Ljava/net/URL; 1025 1 128 0 0
ciMethod sun/misc/URLClassPath$JarLoader access$600 (Lsun/misc/URLClassPath$JarLoader;)Ljava/util/jar/JarFile; 1025 1 128 0 0
ciMethod sun/misc/URLClassPath$Loader getResource (Ljava/lang/String;Z)Lsun/misc/Resource; 0 0 1 0 -1
ciMethod java/util/zip/ZipFile getEntry (Ljava/lang/String;)Ljava/util/zip/ZipEntry; 625 1 4951 0 0
ciMethod java/util/zip/ZipFile getEntry (J[BZ)J 2049 1 256 0 -1
ciMethod java/util/zip/ZipFile freeEntry (JJ)V 3089 1 386 0 -1
ciMethod java/util/zip/ZipFile getInputStream (Ljava/util/zip/ZipEntry;)Ljava/io/InputStream; 2065 1 2194 0 0
ciMethod java/util/zip/ZipFile getInflater ()Ljava/util/zip/Inflater; 2033 1 2192 0 0
ciMethod java/util/zip/ZipFile getZipEntry (Ljava/lang/String;J)Ljava/util/zip/ZipEntry; 937 1 790 0 0
ciMethod java/util/zip/ZipFile ensureOpen ()V 2049 1 5595 0 96
ciMethod java/util/zip/ZipFile getEntryTime (J)J 2049 1 256 0 -1
ciMethod java/util/zip/ZipFile getEntryCrc (J)J 2049 1 256 0 -1
ciMethod java/util/zip/ZipFile getEntryCSize (J)J 3073 1 384 0 -1
ciMethod java/util/zip/ZipFile getEntrySize (J)J 2049 1 256 0 -1
ciMethod java/util/zip/ZipFile getEntryMethod (J)I 3073 1 384 0 -1
ciMethod java/util/zip/ZipFile getEntryFlag (J)I 2049 1 256 0 -1
ciMethod java/util/zip/ZipFile getEntryBytes (JI)[B 2049 1 256 0 -1
ciMethod java/util/zip/ZipFile access$000 (Ljava/util/zip/ZipFile;)Ljava/util/Map; 1025 1 128 0 -1
ciMethod java/util/zip/ZipFile access$100 (Ljava/util/zip/ZipFile;Ljava/util/zip/Inflater;)V 3073 1 2241 0 -1
ciMethod java/util/zip/ZipFile access$400 (Ljava/util/zip/ZipFile;)J 2057 1 5950 0 -1
ciMethod java/util/zip/ZipFile access$1000 (JJ)V 1065 1 1823 0 -1
ciMethod java/util/zip/ZipFile access$1100 (J)J 2097 1 2231 0 0
ciMethod java/util/zip/ZipFile access$1200 (J)J 2097 1 2231 0 0
ciMethod java/util/zip/ZipFile access$1300 (Ljava/util/zip/ZipFile;)V 2081 1 2304 0 -1
ciMethod java/util/zip/ZipFile access$1400 (JJJ[BII)I 2089 1 2304 0 -1
ciMethod java/util/jar/JarFile getManifest ()Ljava/util/jar/Manifest; 1065 1 1870 0 0
ciMethod java/util/jar/JarFile getManifestFromReference ()Ljava/util/jar/Manifest; 1145 1 1912 0 0
ciMethod java/util/jar/JarFile getMetaInfEntryNames ()[Ljava/lang/String; 521 1 65 0 -1
ciMethod java/util/jar/JarFile getJarEntry (Ljava/lang/String;)Ljava/util/jar/JarEntry; 625 1 4869 0 0
ciMethod java/util/jar/JarFile getEntry (Ljava/lang/String;)Ljava/util/zip/ZipEntry; 625 1 4888 0 0
ciMethod java/util/jar/JarFile maybeInstantiateVerifier ()V 2049 41 3612 0 0
ciMethod java/util/jar/JarFile initializeVerifier ()V 121 449 41 0 0
ciMethod java/util/jar/JarFile getBytes (Ljava/util/zip/ZipEntry;)[B 681 1 343 0 0
ciMethod java/util/jar/JarFile getInputStream (Ljava/util/zip/ZipEntry;)Ljava/io/InputStream; 3105 1 1815 0 0
ciMethod java/util/jar/JarFile getManEntry ()Ljava/util/jar/JarEntry; 569 1 307 0 0
ciMethod java/util/Deque poll ()Ljava/lang/Object; 0 0 1 0 -1
ciMethod java/util/ArrayDeque pollFirst ()Ljava/lang/Object; 2049 1 2552 0 0
ciMethod java/util/ArrayDeque poll ()Ljava/lang/Object; 2049 1 2552 0 0
ciMethod java/util/zip/ZipCoder toString ([BI)Ljava/lang/String; 0 0 6 0 -1
ciMethod java/util/zip/ZipCoder getBytes (Ljava/lang/String;)[B 2049 1 6411 0 1440
ciMethod java/util/zip/ZipCoder getBytesUTF8 (Ljava/lang/String;)[B 0 0 1 0 -1
ciMethod java/util/zip/ZipCoder toStringUTF8 ([BI)Ljava/lang/String; 0 0 6 0 -1
ciMethod java/util/zip/ZipCoder isUTF8 ()Z 1073 1 134 0 0
ciMethod java/util/zip/ZipCoder encoder ()Ljava/nio/charset/CharsetEncoder; 2049 1 6411 0 0
ciMethod sun/misc/PerfCounter add (J)V 2041 1 6691 0 -1
ciMethod sun/misc/PerfCounter addElapsedTimeFrom (J)V 1025 1 3503 0 0
ciMethod sun/misc/PerfCounter getReadClassBytesTime ()Lsun/misc/PerfCounter; 2169 1 1765 0 0
ciMethod java/util/zip/ZipEntry <init> (Ljava/util/zip/ZipEntry;)V 289 1 746 0 -1
ciMethod java/util/zip/ZipEntry <init> ()V 2049 1 790 0 -1
ciMethod java/util/zip/ZipEntry getSize ()J 3073 1 2116 0 0
ciMethod java/util/zip/ZipEntry setExtra0 ([BZ)V 2049 1 2179 0 -1
ciMethod java/util/jar/JarFile$JarFileEntry <init> (Ljava/util/jar/JarFile;Ljava/util/zip/ZipEntry;)V 289 1 727 0 0
ciMethod java/util/jar/JarEntry <init> (Ljava/util/zip/ZipEntry;)V 289 1 746 0 0
ciMethod java/util/jar/JarEntry getCodeSigners ()[Ljava/security/CodeSigner; 0 0 1 0 -1
ciMethod java/util/zip/ZipFile$ZipFileInputStream <init> (Ljava/util/zip/ZipFile;J)V 2065 1 2200 0 0
ciMethod java/util/zip/ZipFile$ZipFileInputStream read ([BII)I 2081 1 2304 0 0
ciMethod java/util/zip/ZipFile$ZipFileInputStream close ()V 2129 1 5453 0 2144
ciMethod java/util/zip/Inflater <init> (Z)V 569 1 344 0 0
ciMethod java/util/zip/Inflater needsInput ()Z 1193 1 2284 0 -1
ciMethod java/util/zip/Inflater needsDictionary ()Z 1193 1 2284 0 -1
ciMethod java/util/zip/Inflater finished ()Z 1433 1 2439 0 -1
ciMethod java/util/zip/Inflater inflate ([BII)I 2049 1 5390 0 -1
ciMethod java/util/zip/Inflater ended ()Z 2049 1 4105 0 0
ciMethod java/util/zip/Inflater init (Z)J 2057 1 257 0 -1
ciMethod java/util/zip/ZStreamRef <init> (J)V 569 1 344 0 0
ciMethod java/util/zip/ZStreamRef address ()J 2057 1 17260 0 0
ciMethod java/util/zip/ZipFile$ZipFileInflaterInputStream <init> (Ljava/util/zip/ZipFile;Ljava/util/zip/ZipFile$ZipFileInputStream;Ljava/util/zip/Inflater;I)V 2033 1 2192 0 0
ciMethod java/util/zip/ZipFile$ZipFileInflaterInputStream close ()V 3073 1 4040 0 0
ciMethod java/util/zip/InflaterInputStream ensureOpen ()V 2049 1 4291 0 -1
ciMethod java/util/zip/InflaterInputStream <init> (Ljava/io/InputStream;Ljava/util/zip/Inflater;I)V 2033 1 2229 0 0
ciMethod java/util/zip/InflaterInputStream read ([BII)I 2049 1185 4291 0 0
ciMethod java/util/zip/InflaterInputStream close ()V 3073 1 2244 0 -1
ciMethod java/util/zip/InflaterInputStream fill ()V 0 0 1 0 -1
ciMethod sun/misc/IOUtils readFully (Ljava/io/InputStream;IZ)[B 1705 2409 343 0 0
ciMethod java/util/jar/Attributes <init> ()V 145 1 142 0 0
ciMethod java/util/jar/Attributes <init> (I)V 145 1 183 0 0
ciMethod java/util/jar/Attributes get (Ljava/lang/Object;)Ljava/lang/Object; 2097 1 3765 0 0
ciMethod java/util/jar/Attributes getValue (Ljava/util/jar/Attributes$Name;)Ljava/lang/String; 2073 1 3662 0 0
ciMethod java/util/jar/Attributes size ()I 337 1 41 0 -1
ciMethod java/util/jar/Attributes read (Ljava/util/jar/Manifest$FastInputStream;[B)V 897 81921 183 0 -1
ciMethod java/util/jar/Manifest$FastInputStream <init> (Ljava/io/InputStream;)V 1257 1 142 0 -1
ciMethod java/util/jar/Manifest$FastInputStream peek ()B 2441 1 2733 0 -1
ciMethod java/util/jar/Manifest$FastInputStream readLine ([B)I 2569 1 3058 0 -1
ciMethod java/util/jar/Attributes$Name equals (Ljava/lang/Object;)Z 4097 1 953 0 0
ciMethod java/util/jar/Attributes$Name hashCode ()I 2089 1 4967 0 0
ciMethod java/util/jar/JarVerifier <init> ([B)V 145 1 140 0 0
ciMethod java/util/jar/JarVerifier beginEntry (Ljava/util/jar/JarEntry;Lsun/security/util/ManifestEntryVerifier;)V 329 1 41 0 -1
ciMethod java/util/jar/JarVerifier update (I[BIILsun/security/util/ManifestEntryVerifier;)V 657 1 82 0 -1
ciMethod java/util/jar/JarVerifier nothingToVerify ()Z 329 1 41 0 -1
ciMethod java/util/jar/JarVerifier doneWithMeta ()V 329 1 41 0 -1
ciMethod java/util/jar/JarVerifier$3 <init> (Ljava/util/jar/JarVerifier;)V 1241 1 140 0 0
ciMethod java/io/ByteArrayOutputStream <init> ()V 2097 1 243 0 0
ciMethod java/io/ByteArrayOutputStream <init> (I)V 2049 1 245 0 0
ciMethod sun/misc/URLClassPath$JarLoader$2 getCodeSourceURL ()Ljava/net/URL; 2049 1 1766 0 0
ciMethod sun/misc/URLClassPath$JarLoader$2 getInputStream ()Ljava/io/InputStream; 3097 1 1795 0 0
ciMethod sun/misc/URLClassPath$JarLoader$2 getContentLength ()I 4097 1 1824 0 0
ciMethod sun/misc/URLClassPath$JarLoader$2 getManifest ()Ljava/util/jar/Manifest; 2049 1 1767 0 0
ciMethod sun/misc/URLClassPath$JarLoader$2 getCodeSigners ()[Ljava/security/CodeSigner; 4097 1 1825 0 0
ciMethod sun/misc/Resource getCodeSourceURL ()Ljava/net/URL; 0 0 1 0 -1
ciMethod sun/misc/Resource getInputStream ()Ljava/io/InputStream; 0 0 1 0 -1
ciMethod sun/misc/Resource getContentLength ()I 0 0 1 0 -1
ciMethod sun/misc/Resource cachedInputStream ()Ljava/io/InputStream; 2065 1 3590 0 0
ciMethod sun/misc/Resource getBytes ()[B 2169 3921 1766 0 0
ciMethod sun/misc/Resource getByteBuffer ()Ljava/nio/ByteBuffer; 2161 1 1766 0 0
ciMethod sun/misc/Resource getManifest ()Ljava/util/jar/Manifest; 0 0 1 0 -1
ciMethod sun/misc/Resource getCodeSigners ()[Ljava/security/CodeSigner; 0 0 1 0 -1
ciMethod java/lang/Package isSealed ()Z 1689 1 1536 0 0
ciMethod java/lang/Package isSealed (Ljava/net/URL;)Z 0 0 1 0 -1
ciMethod java/lang/Package <init> (Ljava/lang/String;Ljava/lang/String;Ljava/lang/String;Ljava/lang/String;Ljava/lang/String;Ljava/lang/String;Ljava/lang/String;Ljava/net/URL;Ljava/lang/ClassLoader;)V 2017 1 248 0 -1
ciMethod java/lang/Package getSystemPackage (Ljava/lang/String;)Ljava/lang/Package; 529 1 494 0 0
ciMethod java/lang/Package defineSystemPackage (Ljava/lang/String;Ljava/lang/String;)Ljava/lang/Package; 457 1 57 0 0
ciMethod java/lang/Package getSystemPackage0 (Ljava/lang/String;)Ljava/lang/String; 2049 1 256 0 -1
ciMethod sun/security/util/SignatureFileVerifier isBlockOrSF (Ljava/lang/String;)Z 1585 1 198 0 -1
ciMethod sun/security/util/ManifestEntryVerifier <init> (Ljava/util/jar/Manifest;)V 329 1 41 0 -1
ciMethod sun/nio/ByteBuffered getByteBuffer ()Ljava/nio/ByteBuffer; 0 0 1 0 -1
ciMethodData java/lang/String startsWith (Ljava/lang/String;I)Z 2 7713 orig 264 216 160 204 107 0 0 0 0 168 77 85 20 0 0 0 0 176 1 0 0 32 0 0 0 0 0 0 0 0 0 0 0 0 0 0 0 0 0 0 0 0 0 0 0 0 0 0 0 0 0 0 0 0 0 0 0 0 0 0 0 0 0 0 0 0 0 0 0 0 0 0 0 0 0 0 0 0 0 0 0 77 68 79 32 101 120 116 114 97 32 100 97 116 97 32 108 111 99 107 0 0 0 0 0 0 0 0 0 0 0 0 0 0 0 0 0 0 0 0 0 0 0 0 0 0 0 0 0 0 0 0 0 0 0 0 0 0 0 0 0 0 0 0 0 0 0 0 0 0 0 0 0 0 0 0 0 0 0 0 0 0 0 0 0 0 0 0 0 0 0 0 0 0 0 0 0 0 0 0 0 0 0 0 0 0 0 0 0 0 0 0 0 0 0 0 0 0 0 0 0 0 0 0 0 0 0 0 0 0 0 0 0 0 0 0 0 2 1 0 0 177 166 0 0 161 238 0 0 0 0 0 0 0 0 0 0 2 0 0 0 1 0 13 0 2 0 0 0 128 0 0 0 255 255 255 255 7 0 25 0 0 0 0 0 data 16 0x190007 0x2 0x40 0x14d4 0x250007 0x13fc 0x20 0xd8 0x2f0007 0x13d 0x40 0x1dd8 0x410007 0xb19 0xffffffffffffffe0 0x12bf oops 0
ciMethodData java/util/HashMap hash (Ljava/lang/Object;)I 2 19413 orig 264 216 160 204 107 0 0 0 0 120 189 100 20 0 0 0 0 176 1 0 0 32 0 0 0 0 0 0 0 0 0 0 0 0 0 0 0 0 0 0 0 0 0 0 0 0 0 0 0 0 0 0 0 0 0 0 0 0 0 0 0 0 0 0 0 0 0 0 0 0 0 0 0 0 0 0 0 0 0 0 0 77 68 79 32 101 120 116 114 97 32 100 97 116 97 32 108 111 99 107 0 0 0 0 0 0 0 0 0 0 0 0 0 0 0 0 0 0 0 0 0 0 0 0 0 0 0 0 0 0 0 0 0 0 0 0 0 0 0 0 0 0 0 0 0 0 0 0 0 0 0 0 0 0 0 0 0 0 0 0 0 0 0 0 0 0 0 0 0 0 0 0 0 0 0 0 0 0 0 0 0 0 0 0 0 17 0 0 0 0 0 0 0 0 0 0 0 0 0 0 0 0 0 0 0 0 0 0 0 0 0 0 0 0 0 0 0 7 1 0 0 113 86 2 0 1 0 0 0 0 0 0 0 0 0 0 0 2 0 0 0 0 0 6 0 2 0 0 0 104 0 0 0 255 255 255 255 7 0 1 0 0 0 0 0 data 13 0x10007 0x4ace 0x38 0x0 0x50003 0x0 0x48 0x90005 0x2ef3 0x14ef6e80 0x2d3 0x27faa50 0x1908 oops 2 9 java/security/CodeSource 11 java/lang/String
ciMethodData java/util/Arrays copyOf ([CI)[C 2 14844 orig 264 216 160 204 107 0 0 0 0 104 62 102 20 0 0 0 0 112 1 0 0 0 0 0 0 0 0 0 0 0 0 0 0 0 0 0 0 0 0 0 0 0 0 0 0 0 0 0 0 0 0 0 0 0 0 0 0 0 0 0 0 0 0 0 0 0 0 0 0 0 0 0 0 0 0 0 0 0 0 0 0 77 68 79 32 101 120 116 114 97 32 100 97 116 97 32 108 111 99 107 0 0 0 0 0 0 0 0 0 0 0 0 0 0 0 0 0 0 0 0 0 0 0 0 0 0 0 0 0 0 0 0 0 0 0 0 0 0 0 0 0 0 0 0 0 0 0 0 0 0 0 0 0 0 0 0 0 0 0 0 0 0 0 0 0 0 0 0 0 0 0 0 0 0 0 0 0 0 0 0 0 0 0 0 0 0 0 0 0 0 0 0 0 0 0 0 0 0 0 0 0 0 0 0 0 0 0 0 0 0 0 0 0 0 0 0 0 0 1 0 0 225 199 1 0 1 0 0 0 0 0 0 0 0 0 0 0 2 0 0 0 0 0 7 0 2 0 0 0 32 0 0 0 255 255 255 255 2 0 11 0 0 0 0 0 data 4 0xb0002 0x38fc 0xe0002 0x38fc oops 0
ciMethodData java/lang/String substring (II)Ljava/lang/String; 2 5411 orig 264 216 160 204 107 0 0 0 0 104 92 85 20 0 0 0 0 40 2 0 0 208 0 0 0 0 0 0 0 0 0 0 0 0 0 0 0 0 0 0 0 0 0 0 0 0 0 0 0 0 0 0 0 0 0 0 0 0 0 0 0 0 0 0 0 0 0 0 0 0 0 0 0 0 0 0 0 0 0 0 0 77 68 79 32 101 120 116 114 97 32 100 97 116 97 32 108 111 99 107 0 0 0 0 0 0 0 0 0 0 0 0 0 0 0 0 0 0 0 0 0 0 0 0 0 0 0 0 0 0 0 0 0 0 0 0 0 0 0 0 0 0 0 0 0 0 0 0 0 0 0 0 0 0 0 0 0 0 0 0 0 0 0 0 0 0 0 0 0 0 0 0 0 0 0 0 0 0 0 0 0 0 0 0 0 25 0 0 0 0 0 0 0 0 0 0 0 0 0 0 0 0 0 0 0 0 0 0 0 0 0 0 0 0 0 0 0 0 1 0 0 25 161 0 0 1 0 0 0 0 0 0 0 0 0 0 0 2 0 0 0 0 0 15 0 2 0 0 0 248 0 0 0 255 255 255 255 7 0 1 0 0 0 0 0 data 31 0x10007 0x1423 0x30 0x0 0x90002 0x0 0x130007 0x1423 0x30 0x0 0x1b0002 0x0 0x240007 0x1423 0x30 0x0 0x2c0002 0x0 0x310007 0x5ab 0x58 0xe78 0x3a0007 0xc39 0x38 0x23f 0x3e0003 0x23f 0x28 0x4b0002 0x11e4 oops 0
ciMethodData java/lang/String lastIndexOf (II)I 2 40274 orig 264 216 160 204 107 0 0 0 0 128 83 85 20 0 0 0 0 240 1 0 0 32 0 0 0 0 0 0 0 0 0 0 0 0 0 0 0 0 0 0 0 0 0 0 0 0 0 0 0 0 0 0 0 0 0 0 0 0 0 0 0 0 0 0 0 0 0 0 0 0 0 0 0 0 0 0 0 0 0 0 0 77 68 79 32 101 120 116 114 97 32 100 97 116 97 32 108 111 99 107 0 0 0 0 0 0 0 0 0 0 0 0 0 0 0 0 0 0 0 0 0 0 0 0 0 0 0 0 0 0 0 0 0 0 0 0 0 0 0 0 0 0 0 0 0 0 0 0 0 0 0 0 0 0 0 0 0 0 0 0 0 0 0 0 0 0 0 0 0 0 0 0 0 0 0 0 0 0 0 0 0 0 0 0 0 0 0 0 0 0 0 0 0 0 0 0 0 0 0 0 0 0 0 0 0 0 0 0 0 0 0 0 0 0 0 0 0 243 24 0 0 73 22 0 0 249 34 4 0 0 0 0 0 0 0 0 0 2 0 0 0 1 0 14 0 2 0 0 0 152 0 0 0 255 255 255 255 7 0 3 0 0 0 0 0 data 19 0x30007 0x0 0x88 0x2c9 0x100002 0x2c9 0x170007 0x94 0x58 0x8694 0x1f0007 0x845f 0x20 0x235 0x280003 0x845f 0xffffffffffffffc0 0x300002 0x0 oops 0
ciMethodData java/lang/Character toLowerCase (C)C 2 10908 orig 264 216 160 204 107 0 0 0 0 232 151 94 20 0 0 0 0 88 1 0 0 0 0 0 0 0 0 0 0 0 0 0 0 0 0 0 0 0 0 0 0 0 0 0 0 0 0 0 0 0 0 0 0 0 0 0 0 0 0 0 0 0 0 0 0 0 0 0 0 0 0 0 0 0 0 0 0 0 0 0 0 77 68 79 32 101 120 116 114 97 32 100 97 116 97 32 108 111 99 107 0 0 0 0 0 0 0 0 0 0 0 0 0 0 0 0 0 0 0 0 0 0 0 0 0 0 0 0 0 0 0 0 0 0 0 0 0 0 0 0 0 0 0 0 0 0 0 0 0 0 0 0 0 0 0 0 0 0 0 0 0 0 0 0 0 0 0 0 0 0 0 0 0 0 0 0 0 0 0 0 0 0 0 0 0 0 0 0 0 0 0 0 0 0 0 0 0 0 0 0 0 0 0 0 0 0 0 0 0 0 0 0 0 0 0 0 0 11 1 0 0 137 76 1 0 1 0 0 0 0 0 0 0 0 0 0 0 2 0 0 0 0 0 3 0 2 0 0 0 16 0 0 0 255 255 255 255 2 0 1 0 0 0 0 0 data 2 0x10002 0x2991 oops 0
ciMethodData java/lang/String endsWith (Ljava/lang/String;)Z 2 8295 orig 264 216 160 204 107 0 0 0 0 224 78 85 20 0 0 0 0 128 1 0 0 0 0 0 0 0 0 0 0 0 0 0 0 0 0 0 0 0 0 0 0 0 0 0 0 0 0 0 0 0 0 0 0 0 0 0 0 0 0 0 0 0 0 0 0 0 0 0 0 0 0 0 0 0 0 0 0 0 0 0 0 77 68 79 32 101 120 116 114 97 32 100 97 116 97 32 108 111 99 107 0 0 0 0 0 0 0 0 0 0 0 0 0 0 0 0 0 0 0 0 0 0 0 0 0 0 0 0 0 0 0 0 0 0 0 0 0 0 0 0 0 0 0 0 0 0 0 0 0 0 0 0 0 0 0 0 0 0 0 0 0 0 0 0 0 0 0 0 0 0 0 0 0 0 0 0 0 0 0 0 0 0 0 0 0 0 0 0 0 0 0 0 0 0 0 0 0 0 0 0 0 0 0 0 0 0 0 0 0 0 0 0 0 0 0 0 0 183 0 0 0 129 253 0 0 1 0 0 0 0 0 0 0 0 0 0 0 2 0 0 0 0 0 3 0 2 0 0 0 48 0 0 0 255 255 255 255 5 0 13 0 0 0 0 0 data 6 0xd0005 0xb3 0x27faa50 0x1efd 0x0 0x0 oops 1 2 java/lang/String
ciMethodData java/lang/String toCharArray ()[C 2 8228 orig 264 216 160 204 107 0 0 0 0 152 110 85 20 0 0 0 0 88 1 0 0 0 0 0 0 0 0 0 0 0 0 0 0 0 0 0 0 0 0 0 0 0 0 0 0 0 0 0 0 0 0 0 0 0 0 0 0 0 0 0 0 0 0 0 0 0 0 0 0 0 0 0 0 0 0 0 0 0 0 0 0 77 68 79 32 101 120 116 114 97 32 100 97 116 97 32 108 111 99 107 0 0 0 0 0 0 0 0 0 0 0 0 0 0 0 0 0 0 0 0 0 0 0 0 0 0 0 0 0 0 0 0 0 0 0 0 0 0 0 0 0 0 0 0 0 0 0 0 0 0 0 0 0 0 0 0 0 0 0 0 0 0 0 0 0 0 0 0 0 0 0 0 0 0 0 0 0 0 0 0 0 0 0 0 0 0 0 0 0 0 0 0 0 0 0 0 0 0 0 0 0 0 0 0 0 0 0 0 0 0 0 0 0 0 0 0 0 130 1 0 0 17 245 0 0 1 0 0 0 0 0 0 0 0 0 0 0 2 0 0 0 0 0 3 0 2 0 0 0 16 0 0 0 255 255 255 255 2 0 20 0 0 0 0 0 data 2 0x140002 0x1ea2 oops 0
ciMethodData java/lang/String replace (CC)Ljava/lang/String; 2 56219 orig 264 216 160 204 107 0 0 0 0 232 94 85 20 0 0 0 0 136 2 0 0 40 1 0 0 0 0 0 0 0 0 0 0 0 0 0 0 0 0 0 0 0 0 0 0 0 0 0 0 0 0 0 0 0 0 0 0 0 0 0 0 0 0 0 0 0 0 0 0 0 0 0 0 0 0 0 0 0 0 0 0 77 68 79 32 101 120 116 114 97 32 100 97 116 97 32 108 111 99 107 0 0 0 0 0 0 0 0 0 0 0 0 0 0 0 0 0 0 0 0 0 0 0 0 0 0 0 0 0 0 0 0 0 0 0 0 0 0 0 0 0 0 0 0 0 0 0 0 0 0 0 0 0 0 0 0 0 0 0 0 0 0 0 0 0 0 0 0 0 0 0 0 0 0 0 0 0 0 0 0 0 0 0 0 0 0 0 0 0 0 0 0 0 0 0 0 0 0 0 0 0 0 0 0 0 0 0 0 0 0 0 0 0 0 0 0 0 80 20 0 0 209 27 0 0 89 58 6 0 0 0 0 0 0 0 0 0 2 0 0 0 3 0 23 0 2 0 0 0 80 1 0 0 255 255 255 255 7 0 2 0 0 0 0 0 data 42 0x20007 0x0 0x150 0x37a 0x1a0007 0x43 0x58 0x275d 0x230007 0x2426 0xffffffffffffffe0 0x337 0x260003 0x337 0x18 0x2c0007 0x43 0xd8 0x337 0x3b0007 0x337 0x38 0x6be 0x4b0003 0x6be 0xffffffffffffffe0 0x510007 0x337 0x70 0x9930 0x620007 0x885d 0x38 0x10d3 0x660003 0x10d3 0x18 0x6f0003 0x9930 0xffffffffffffffa8 0x790002 0x337 oops 0
ciMethodData java/lang/String <init> ([CZ)V 2 10669 orig 264 216 160 204 107 0 0 0 0 128 59 85 20 0 0 0 0 64 1 0 0 0 0 0 0 0 0 0 0 0 0 0 0 0 0 0 0 0 0 0 0 0 0 0 0 0 0 0 0 0 0 0 0 0 0 0 0 0 0 0 0 0 0 0 0 0 0 0 0 0 0 0 0 0 0 0 0 0 0 0 0 77 68 79 32 101 120 116 114 97 32 100 97 116 97 32 108 111 99 107 0 0 0 0 0 0 0 0 0 0 0 0 0 0 0 0 0 0 0 0 0 0 0 0 0 0 0 0 0 0 0 0 0 0 0 0 0 0 0 0 0 0 0 0 0 0 0 0 0 0 0 0 0 0 0 0 0 0 0 0 0 0 0 0 0 0 0 0 0 0 0 0 0 0 0 0 0 0 0 0 0 0 0 0 0 0 0 0 0 0 0 0 0 0 0 0 0 0 0 0 0 0 0 0 0 0 0 0 0 0 0 0 0 0 0 0 0 246 0 0 0 185 69 1 0 1 0 0 0 0 0 0 0 0 0 0 0 2 0 0 0 0 0 3 0 2 0 0 0 16 0 0 0 255 255 255 255 2 0 1 0 0 0 0 0 data 2 0x10002 0x28b7 oops 0
ciMethodData java/util/jar/JarFile getJarEntry (Ljava/lang/String;)Ljava/util/jar/JarEntry; 2 4869 orig 264 216 160 204 107 0 0 0 0 152 50 119 20 0 0 0 0 176 1 0 0 0 0 0 0 0 0 0 0 0 0 0 0 0 0 0 0 0 0 0 0 0 0 0 0 0 0 0 0 0 0 0 0 0 0 0 0 0 0 0 0 0 0 0 0 0 0 0 0 0 0 0 0 0 0 0 0 0 0 0 0 77 68 79 32 101 120 116 114 97 32 100 97 116 97 32 108 111 99 107 0 0 0 0 0 0 0 0 0 0 0 0 0 0 0 0 0 0 0 0 0 0 0 0 0 0 0 0 0 0 0 0 0 0 0 0 0 0 0 0 0 0 0 0 0 0 0 0 0 0 0 0 0 0 0 0 0 0 0 0 0 0 0 0 0 0 0 0 0 0 0 0 0 0 0 0 0 0 0 0 0 0 0 0 0 0 0 0 0 0 0 0 0 0 0 0 0 0 0 0 0 0 0 0 0 0 0 0 0 0 0 0 0 0 0 0 0 78 0 0 0 185 149 0 0 1 0 0 0 0 0 0 0 0 0 0 0 2 0 0 0 0 0 3 0 2 0 0 0 96 0 0 0 255 255 255 255 5 0 2 0 0 0 0 0 data 12 0x20005 0x0 0x16f6e0a0 0x12b7 0x0 0x0 0x50104 0x0 0x16628100 0x2a0 0x0 0x0 oops 2 2 java/util/jar/JarFile 8 java/util/jar/JarFile$JarFileEntry
ciMethodData java/util/jar/JarFile getEntry (Ljava/lang/String;)Ljava/util/zip/ZipEntry; 2 4888 orig 264 216 160 204 107 0 0 0 0 64 51 119 20 0 0 0 0 104 1 0 0 0 0 0 0 0 0 0 0 0 0 0 0 0 0 0 0 0 0 0 0 0 0 0 0 0 0 0 0 0 0 0 0 0 0 0 0 0 0 0 0 0 0 0 0 0 0 0 0 0 0 0 0 0 0 0 0 0 0 0 0 77 68 79 32 101 120 116 114 97 32 100 97 116 97 32 108 111 99 107 0 0 0 0 0 0 0 0 0 0 0 0 0 0 0 0 0 0 0 0 0 0 0 0 0 0 0 0 0 0 0 0 0 0 0 0 0 0 0 0 0 0 0 0 0 0 0 0 0 0 0 0 0 0 0 0 0 0 0 0 0 0 0 0 0 0 0 0 0 0 0 0 0 0 0 0 0 0 0 0 0 0 0 0 0 0 0 0 0 0 0 0 0 0 0 0 0 0 0 0 0 0 0 0 0 0 0 0 0 0 0 0 0 0 0 0 0 78 0 0 0 81 150 0 0 1 0 0 0 0 0 0 0 0 0 0 0 2 0 0 0 0 0 5 0 2 0 0 0 64 0 0 0 255 255 255 255 2 0 2 0 0 0 0 0 data 8 0x20002 0x12ca 0x70007 0x1017 0x30 0x2b3 0x100002 0x2b3 oops 0
ciMethodData java/util/zip/ZipFile getEntry (Ljava/lang/String;)Ljava/util/zip/ZipEntry; 2 4951 orig 264 216 160 204 107 0 0 0 0 224 117 118 20 0 0 0 0 40 2 0 0 176 0 0 0 0 0 0 0 0 0 0 0 0 0 0 0 0 0 0 0 0 0 0 0 0 0 0 0 0 0 0 0 0 0 0 0 0 0 0 0 0 0 0 0 0 0 0 0 0 0 0 0 0 0 0 0 0 0 0 0 77 68 79 32 101 120 116 114 97 32 100 97 116 97 32 108 111 99 107 0 0 0 0 0 0 0 0 0 0 0 0 0 0 0 0 0 0 0 0 0 0 0 0 0 0 0 0 0 0 0 0 0 0 0 0 0 0 0 0 0 0 0 0 0 0 0 0 0 0 0 0 0 0 0 0 0 0 0 0 0 0 0 0 0 0 0 0 0 0 0 0 0 0 0 0 0 0 0 0 0 0 0 0 0 0 0 0 0 0 0 0 0 0 0 0 0 0 0 0 0 0 0 0 0 0 0 0 0 0 0 0 0 0 0 0 0 78 0 0 0 73 152 0 0 1 0 0 0 0 0 0 0 0 0 0 0 2 0 0 0 0 0 13 0 2 0 0 0 216 0 0 0 255 255 255 255 7 0 1 0 0 0 0 0 data 27 0x10007 0x1309 0x30 0x0 0xa0002 0x0 0x160002 0x1309 0x220005 0x105 0x16f383f0 0x1204 0x0 0x0 0x260002 0x1309 0x2d0007 0x1017 0x40 0x2f2 0x330002 0x2f2 0x3d0002 0x2f2 0x490003 0x1017 0x18 oops 1 10 java/util/zip/ZipCoder
ciMethodData java/util/jar/JarFile$JarFileEntry <init> (Ljava/util/jar/JarFile;Ljava/util/zip/ZipEntry;)V 1 727 orig 264 216 160 204 107 0 0 0 0 8 81 121 20 0 0 0 0 64 1 0 0 0 0 0 0 0 0 0 0 0 0 0 0 0 0 0 0 0 0 0 0 0 0 0 0 0 0 0 0 0 0 0 0 0 0 0 0 0 0 0 0 0 0 0 0 0 0 0 0 0 0 0 0 0 0 0 0 0 0 0 0 77 68 79 32 101 120 116 114 97 32 100 97 116 97 32 108 111 99 107 0 0 0 0 0 0 0 0 0 0 0 0 0 0 0 0 0 0 0 0 0 0 0 0 0 0 0 0 0 0 0 0 0 0 0 0 0 0 0 0 0 0 0 0 0 0 0 0 0 0 0 0 0 0 0 0 0 0 0 0 0 0 0 0 0 0 0 0 0 0 0 0 0 0 0 0 0 0 0 0 0 0 0 0 0 0 0 0 0 0 0 0 0 0 0 0 0 0 0 0 0 0 0 0 0 0 0 0 0 0 0 0 0 0 0 0 0 36 0 0 0 153 21 0 0 1 0 0 0 0 0 0 0 0 0 0 0 2 0 0 0 0 0 0 0 0 0 0 0 16 0 0 0 255 255 255 255 2 0 7 0 0 0 0 0 data 2 0x70002 0x2b3 oops 0
ciMethodData java/util/AbstractCollection <init> ()V 2 8451 orig 264 216 160 204 107 0 0 0 0 56 86 97 20 0 0 0 0 48 1 0 0 0 0 0 0 0 0 0 0 0 0 0 0 0 0 0 0 0 0 0 0 0 0 0 0 0 0 0 0 0 0 0 0 0 0 0 0 0 0 0 0 0 0 0 0 0 0 0 0 0 0 0 0 0 0 0 0 0 0 0 0 77 68 79 32 101 120 116 114 97 32 100 97 116 97 32 108 111 99 107 0 0 0 0 0 0 0 0 0 0 0 0 0 0 0 0 0 0 0 0 0 0 0 0 0 0 0 0 0 0 0 0 0 0 0 0 0 0 0 0 0 0 0 0 0 0 0 0 0 0 0 0 0 0 0 0 0 0 0 0 0 0 0 0 0 0 0 0 0 0 0 0 0 0 0 0 0 0 0 0 0 0 0 0 0 0 0 0 0 0 0 0 0 0 0 0 0 0 0 0 0 0 0 0 0 0 0 0 0 0 0 0 0 0 0 0 0 68 0 0 0 249 5 1 0 1 0 0 0 0 0 0 0 0 0 0 0 2 0 0 0 0 0 3 0 2 0 0 0 16 0 0 0 255 255 255 255 2 0 1 0 0 0 0 0 data 2 0x10002 0x20bf oops 0
ciMethodData java/util/HashMap <init> ()V 2 1326 orig 264 216 160 204 107 0 0 0 0 48 194 100 20 0 0 0 0 48 1 0 0 0 0 0 0 0 0 0 0 0 0 0 0 0 0 0 0 0 0 0 0 0 0 0 0 0 0 0 0 0 0 0 0 0 0 0 0 0 0 0 0 0 0 0 0 0 0 0 0 0 0 0 0 0 0 0 0 0 0 0 0 77 68 79 32 101 120 116 114 97 32 100 97 116 97 32 108 111 99 107 0 0 0 0 0 0 0 0 0 0 0 0 0 0 0 0 0 0 0 0 0 0 0 0 0 0 0 0 0 0 0 0 0 0 0 0 0 0 0 0 0 0 0 0 0 0 0 0 0 0 0 0 0 0 0 0 0 0 0 0 0 0 0 0 0 0 0 0 0 0 0 0 0 0 0 0 0 0 0 0 0 0 0 0 0 0 0 0 0 0 0 0 0 0 0 0 0 0 0 0 0 0 0 